[0.081s] DEBUG:colcon:Command line arguments: ['/usr/bin/colcon', 'list', '-p', '--base-paths', '/home/the-hassan-shahzad/Desktop/docker_tests/a24_mmwave']
[0.081s] DEBUG:colcon:Parsed command line arguments: Namespace(log_base=None, log_level=None, verb_name='list', build_base='build', ignore_user_meta=False, metas=['./colcon.meta'], base_paths=['/home/the-hassan-shahzad/Desktop/docker_tests/a24_mmwave'], packages_ignore=None, packages_ignore_regex=None, paths=None, packages_up_to=None, packages_up_to_regex=None, packages_above=None, packages_above_and_dependencies=None, packages_above_depth=None, packages_select_by_dep=None, packages_skip_by_dep=None, packages_skip_up_to=None, packages_select_build_failed=False, packages_skip_build_finished=False, packages_select_test_failures=False, packages_skip_test_passed=False, packages_select=None, packages_skip=None, packages_select_regex=None, packages_skip_regex=None, packages_start=None, packages_end=None, allow_overriding=[], topological_order=False, names_only=False, paths_only=True, topological_graph=False, topological_graph_dot=False, topological_graph_density=False, topological_graph_legend=False, topological_graph_dot_cluster=False, topological_graph_dot_include_skipped=False, mixin_files=None, mixin=None, verb_parser=<colcon_mixin.mixin.mixin_argument.MixinArgumentDecorator object at 0x7c6471a93eb0>, verb_extension=<colcon_package_information.verb.list.ListVerb object at 0x7c6471a92f80>, main=<bound method ListVerb.main of <colcon_package_information.verb.list.ListVerb object at 0x7c6471a92f80>>, mixin_verb=('list',))
[0.262s] Level 1:colcon.colcon_core.package_discovery:discover_packages(colcon_meta) check parameters
[0.262s] Level 1:colcon.colcon_core.package_discovery:discover_packages(recursive) check parameters
[0.262s] Level 1:colcon.colcon_core.package_discovery:discover_packages(ignore) check parameters
[0.262s] Level 1:colcon.colcon_core.package_discovery:discover_packages(path) check parameters
[0.262s] Level 1:colcon.colcon_core.package_discovery:discover_packages(recursive) discover
[0.262s] INFO:colcon.colcon_core.package_discovery:Crawling recursively for packages in '/home/the-hassan-shahzad/Desktop/docker_tests/a24_mmwave'
[0.262s] Level 1:colcon.colcon_core.package_identification:_identify(/home/the-hassan-shahzad/Desktop/docker_tests/a24_mmwave) by extensions ['ignore', 'ignore_ament_install']
[0.263s] Level 1:colcon.colcon_core.package_identification:_identify(/home/the-hassan-shahzad/Desktop/docker_tests/a24_mmwave) by extension 'ignore'
[0.263s] Level 1:colcon.colcon_core.package_identification:_identify(/home/the-hassan-shahzad/Desktop/docker_tests/a24_mmwave) by extension 'ignore_ament_install'
[0.263s] Level 1:colcon.colcon_core.package_identification:_identify(/home/the-hassan-shahzad/Desktop/docker_tests/a24_mmwave) by extensions ['colcon_pkg']
[0.263s] Level 1:colcon.colcon_core.package_identification:_identify(/home/the-hassan-shahzad/Desktop/docker_tests/a24_mmwave) by extension 'colcon_pkg'
[0.263s] Level 1:colcon.colcon_core.package_identification:_identify(/home/the-hassan-shahzad/Desktop/docker_tests/a24_mmwave) by extensions ['colcon_meta']
[0.263s] Level 1:colcon.colcon_core.package_identification:_identify(/home/the-hassan-shahzad/Desktop/docker_tests/a24_mmwave) by extension 'colcon_meta'
[0.263s] Level 1:colcon.colcon_core.package_identification:_identify(/home/the-hassan-shahzad/Desktop/docker_tests/a24_mmwave) by extensions ['ros']
[0.263s] Level 1:colcon.colcon_core.package_identification:_identify(/home/the-hassan-shahzad/Desktop/docker_tests/a24_mmwave) by extension 'ros'
[0.272s] Level 1:colcon.colcon_core.package_identification:_identify(/home/the-hassan-shahzad/Desktop/docker_tests/a24_mmwave) by extensions ['cmake', 'python']
[0.273s] Level 1:colcon.colcon_core.package_identification:_identify(/home/the-hassan-shahzad/Desktop/docker_tests/a24_mmwave) by extension 'cmake'
[0.273s] Level 1:colcon.colcon_core.package_identification:_identify(/home/the-hassan-shahzad/Desktop/docker_tests/a24_mmwave) by extension 'python'
[0.273s] Level 1:colcon.colcon_core.package_identification:_identify(/home/the-hassan-shahzad/Desktop/docker_tests/a24_mmwave) by extensions ['python_setup_py']
[0.273s] Level 1:colcon.colcon_core.package_identification:_identify(/home/the-hassan-shahzad/Desktop/docker_tests/a24_mmwave) by extension 'python_setup_py'
[0.273s] Level 1:colcon.colcon_core.package_identification:_identify(/home/the-hassan-shahzad/Desktop/docker_tests/a24_mmwave/log) by extensions ['ignore', 'ignore_ament_install']
[0.273s] Level 1:colcon.colcon_core.package_identification:_identify(/home/the-hassan-shahzad/Desktop/docker_tests/a24_mmwave/log) by extension 'ignore'
[0.273s] Level 1:colcon.colcon_core.package_identification:_identify(/home/the-hassan-shahzad/Desktop/docker_tests/a24_mmwave/log) ignored
[0.273s] Level 1:colcon.colcon_core.package_identification:_identify(/home/the-hassan-shahzad/Desktop/docker_tests/a24_mmwave/src) by extensions ['ignore', 'ignore_ament_install']
[0.274s] Level 1:colcon.colcon_core.package_identification:_identify(/home/the-hassan-shahzad/Desktop/docker_tests/a24_mmwave/src) by extension 'ignore'
[0.274s] Level 1:colcon.colcon_core.package_identification:_identify(/home/the-hassan-shahzad/Desktop/docker_tests/a24_mmwave/src) by extension 'ignore_ament_install'
[0.274s] Level 1:colcon.colcon_core.package_identification:_identify(/home/the-hassan-shahzad/Desktop/docker_tests/a24_mmwave/src) by extensions ['colcon_pkg']
[0.274s] Level 1:colcon.colcon_core.package_identification:_identify(/home/the-hassan-shahzad/Desktop/docker_tests/a24_mmwave/src) by extension 'colcon_pkg'
[0.274s] Level 1:colcon.colcon_core.package_identification:_identify(/home/the-hassan-shahzad/Desktop/docker_tests/a24_mmwave/src) by extensions ['colcon_meta']
[0.274s] Level 1:colcon.colcon_core.package_identification:_identify(/home/the-hassan-shahzad/Desktop/docker_tests/a24_mmwave/src) by extension 'colcon_meta'
[0.274s] Level 1:colcon.colcon_core.package_identification:_identify(/home/the-hassan-shahzad/Desktop/docker_tests/a24_mmwave/src) by extensions ['ros']
[0.274s] Level 1:colcon.colcon_core.package_identification:_identify(/home/the-hassan-shahzad/Desktop/docker_tests/a24_mmwave/src) by extension 'ros'
[0.274s] Level 1:colcon.colcon_core.package_identification:_identify(/home/the-hassan-shahzad/Desktop/docker_tests/a24_mmwave/src) by extensions ['cmake', 'python']
[0.274s] Level 1:colcon.colcon_core.package_identification:_identify(/home/the-hassan-shahzad/Desktop/docker_tests/a24_mmwave/src) by extension 'cmake'
[0.274s] Level 1:colcon.colcon_core.package_identification:_identify(/home/the-hassan-shahzad/Desktop/docker_tests/a24_mmwave/src) by extension 'python'
[0.274s] Level 1:colcon.colcon_core.package_identification:_identify(/home/the-hassan-shahzad/Desktop/docker_tests/a24_mmwave/src) by extensions ['python_setup_py']
[0.274s] Level 1:colcon.colcon_core.package_identification:_identify(/home/the-hassan-shahzad/Desktop/docker_tests/a24_mmwave/src) by extension 'python_setup_py'
[0.274s] Level 1:colcon.colcon_core.package_identification:_identify(/home/the-hassan-shahzad/Desktop/docker_tests/a24_mmwave/src/a24_mmwave) by extensions ['ignore', 'ignore_ament_install']
[0.275s] Level 1:colcon.colcon_core.package_identification:_identify(/home/the-hassan-shahzad/Desktop/docker_tests/a24_mmwave/src/a24_mmwave) by extension 'ignore'
[0.275s] Level 1:colcon.colcon_core.package_identification:_identify(/home/the-hassan-shahzad/Desktop/docker_tests/a24_mmwave/src/a24_mmwave) by extension 'ignore_ament_install'
[0.275s] Level 1:colcon.colcon_core.package_identification:_identify(/home/the-hassan-shahzad/Desktop/docker_tests/a24_mmwave/src/a24_mmwave) by extensions ['colcon_pkg']
[0.275s] Level 1:colcon.colcon_core.package_identification:_identify(/home/the-hassan-shahzad/Desktop/docker_tests/a24_mmwave/src/a24_mmwave) by extension 'colcon_pkg'
[0.275s] Level 1:colcon.colcon_core.package_identification:_identify(/home/the-hassan-shahzad/Desktop/docker_tests/a24_mmwave/src/a24_mmwave) by extensions ['colcon_meta']
[0.275s] Level 1:colcon.colcon_core.package_identification:_identify(/home/the-hassan-shahzad/Desktop/docker_tests/a24_mmwave/src/a24_mmwave) by extension 'colcon_meta'
[0.275s] Level 1:colcon.colcon_core.package_identification:_identify(/home/the-hassan-shahzad/Desktop/docker_tests/a24_mmwave/src/a24_mmwave) by extensions ['ros']
[0.275s] Level 1:colcon.colcon_core.package_identification:_identify(/home/the-hassan-shahzad/Desktop/docker_tests/a24_mmwave/src/a24_mmwave) by extension 'ros'
[0.278s] DEBUG:colcon.colcon_core.package_identification:Package '/home/the-hassan-shahzad/Desktop/docker_tests/a24_mmwave/src/a24_mmwave' with type 'ros.ament_python' and name 'a24_mmwave'
[0.278s] Level 1:colcon.colcon_core.package_discovery:discover_packages(recursive) using defaults
